0 info it worked if it ends with ok
1 verbose cli [ '/usr/local/bin/node',
1 verbose cli   '/usr/local/bin/npm',
1 verbose cli   'install',
1 verbose cli   'passport' ]
2 info using npm@1.4.28
3 info using node@v0.10.33
4 verbose readDependencies using package.json deps
5 verbose cache add [ 'passport', null ]
6 verbose cache add name=undefined spec="passport" args=["passport",null]
7 verbose parsed url { protocol: null,
7 verbose parsed url   slashes: null,
7 verbose parsed url   auth: null,
7 verbose parsed url   host: null,
7 verbose parsed url   port: null,
7 verbose parsed url   hostname: null,
7 verbose parsed url   hash: null,
7 verbose parsed url   search: null,
7 verbose parsed url   query: null,
7 verbose parsed url   pathname: 'passport',
7 verbose parsed url   path: 'passport',
7 verbose parsed url   href: 'passport' }
8 silly lockFile a3404013-passport passport
9 verbose lock passport /Users/Vison/.npm/a3404013-passport.lock
10 silly lockFile a3404013-passport passport
11 silly lockFile a3404013-passport passport
12 verbose addNamed [ 'passport', '' ]
13 verbose addNamed [ null, '*' ]
14 silly lockFile d5a254c4-passport passport@
15 verbose lock passport@ /Users/Vison/.npm/d5a254c4-passport.lock
16 silly addNameRange { name: 'passport', range: '*', hasData: false }
17 verbose request where is /passport
18 verbose request registry https://registry.npmjs.org/
19 verbose request id 817abec30771b949
20 verbose url raw /passport
21 verbose url resolving [ 'https://registry.npmjs.org/', './passport' ]
22 verbose url resolved https://registry.npmjs.org/passport
23 verbose request where is https://registry.npmjs.org/passport
24 info trying registry request attempt 1 at 22:09:31
25 verbose etag "55VQIBR4639E4TGQ4L4YFU857"
26 http GET https://registry.npmjs.org/passport
27 http 200 https://registry.npmjs.org/passport
28 silly registry.get cb [ 200,
28 silly registry.get   { server: 'CouchDB/1.5.0 (Erlang OTP/R16B03)',
28 silly registry.get     etag: '"30SNBFRUSXB9G9P85VQG5YLMF"',
28 silly registry.get     'content-type': 'application/json',
28 silly registry.get     'cache-control': 'max-age=60',
28 silly registry.get     'content-length': '38045',
28 silly registry.get     'accept-ranges': 'bytes',
28 silly registry.get     date: 'Sat, 22 Aug 2015 14:09:32 GMT',
28 silly registry.get     via: '1.1 varnish',
28 silly registry.get     age: '54',
28 silly registry.get     connection: 'keep-alive',
28 silly registry.get     'x-served-by': 'cache-nrt6134-NRT',
28 silly registry.get     'x-cache': 'HIT',
28 silly registry.get     'x-cache-hits': '1',
28 silly registry.get     'x-timer': 'S1440252572.211833,VS0,VE1',
28 silly registry.get     vary: 'Accept' } ]
29 silly addNameRange number 2 { name: 'passport', range: '*', hasData: true }
30 silly addNameRange versions [ 'passport',
30 silly addNameRange   [ '0.1.0',
30 silly addNameRange     '0.1.1',
30 silly addNameRange     '0.1.2',
30 silly addNameRange     '0.1.3',
30 silly addNameRange     '0.1.4',
30 silly addNameRange     '0.1.5',
30 silly addNameRange     '0.1.6',
30 silly addNameRange     '0.1.7',
30 silly addNameRange     '0.1.8',
30 silly addNameRange     '0.1.9',
30 silly addNameRange     '0.1.10',
30 silly addNameRange     '0.1.11',
30 silly addNameRange     '0.1.12',
30 silly addNameRange     '0.1.13',
30 silly addNameRange     '0.1.14',
30 silly addNameRange     '0.1.15',
30 silly addNameRange     '0.1.16',
30 silly addNameRange     '0.1.17',
30 silly addNameRange     '0.1.18',
30 silly addNameRange     '0.2.0',
30 silly addNameRange     '0.2.1',
30 silly addNameRange     '0.2.2',
30 silly addNameRange     '0.3.0' ] ]
31 verbose addNamed [ 'passport', '0.3.0' ]
32 verbose addNamed [ '0.3.0', '0.3.0' ]
33 silly lockFile 82ba4305-passport-0-3-0 passport@0.3.0
34 verbose lock passport@0.3.0 /Users/Vison/.npm/82ba4305-passport-0-3-0.lock
35 silly lockFile 59c56072--org-passport-passport-0-3-0-tgz https://registry.npmjs.org/passport/-/passport-0.3.0.tgz
36 verbose lock https://registry.npmjs.org/passport/-/passport-0.3.0.tgz /Users/Vison/.npm/59c56072--org-passport-passport-0-3-0-tgz.lock
37 verbose addRemoteTarball [ 'https://registry.npmjs.org/passport/-/passport-0.3.0.tgz',
37 verbose addRemoteTarball   '14c151b0eb6795aa9335239827f548d5f94c7046' ]
38 info retry fetch attempt 1 at 22:09:32
39 verbose fetch to= /var/folders/nf/6xggcsxn6nv7r0tybh_1qn_40000gn/T/npm-51714-t5vO3Ui8/registry.npmjs.org/passport/-/passport-0.3.0.tgz
40 http GET https://registry.npmjs.org/passport/-/passport-0.3.0.tgz
41 http 200 https://registry.npmjs.org/passport/-/passport-0.3.0.tgz
42 silly lockFile 59c56072--org-passport-passport-0-3-0-tgz https://registry.npmjs.org/passport/-/passport-0.3.0.tgz
43 silly lockFile 59c56072--org-passport-passport-0-3-0-tgz https://registry.npmjs.org/passport/-/passport-0.3.0.tgz
44 silly lockFile 82ba4305-passport-0-3-0 passport@0.3.0
45 silly lockFile 82ba4305-passport-0-3-0 passport@0.3.0
46 silly lockFile d5a254c4-passport passport@
47 silly lockFile d5a254c4-passport passport@
48 error Error: EACCES, mkdir '/Users/Vison/.npm/passport/0.3.0'
48 error  { [Error: EACCES, mkdir '/Users/Vison/.npm/passport/0.3.0']
48 error   errno: 3,
48 error   code: 'EACCES',
48 error   path: '/Users/Vison/.npm/passport/0.3.0',
48 error   parent: 'AirMeal' }
49 error Please try running this command again as root/Administrator.
50 error System Darwin 14.3.0
51 error command "/usr/local/bin/node" "/usr/local/bin/npm" "install" "passport"
52 error cwd /Users/Vison/Developer/AirMeal
53 error node -v v0.10.33
54 error npm -v 1.4.28
55 error path /Users/Vison/.npm/passport/0.3.0
56 error code EACCES
57 error errno 3
58 error stack Error: EACCES, mkdir '/Users/Vison/.npm/passport/0.3.0'
59 verbose exit [ 3, true ]
